<?xml version="1.0" encoding="UTF-8"?>
<!DOCTYPE beans PUBLIC "-//SPRING//DTD BEAN 2.0//EN" "http://www.springframework.org/dtd/spring-beans-2.0.dtd">

<beans>

	<import resource="classpath:/com/liferay/portletmvc4spring/context/WEB-INF/test-servlet.xml"/>

	<bean id="portletContextAwareBean" class="com.liferay.portletmvc4spring.context.PortletContextAwareBean"/>

	<bean id="portletConfigAwareBean" class="com.liferay.portletmvc4spring.context.PortletConfigAwareBean"/>

</beans>